<?xml version="1.0" encoding="UTF-8"?>
<NATION id="controlistania">
   <ISSUE id="99999" choice="27">
      <OK>1</OK>
      <DESC>Ceci est un message de debug</DESC>
      <RANKINGS>
         <RANK id="0">
            <SCORE>65.81</SCORE>
            <CHANGE>20.14</CHANGE>
            <PCHANGE>44.098971</PCHANGE>
         </RANK>
         <RANK id="5">
            <SCORE>34.80</SCORE>
            <CHANGE>1.16</CHANGE>
            <PCHANGE>3.448276</PCHANGE>
         </RANK>
         <RANK id="7">
            <SCORE>207.02</SCORE>
            <CHANGE>1.21</CHANGE>
            <PCHANGE>0.587921</PCHANGE>
         </RANK>
         <RANK id="8">
            <SCORE>42.29</SCORE>
            <CHANGE>-16.46</CHANGE>
            <PCHANGE>-28.017021</PCHANGE>
         </RANK>
         <RANK id="9">
            <SCORE>130.50</SCORE>
            <CHANGE>36.00</CHANGE>
            <PCHANGE>38.095238</PCHANGE>
         </RANK>
         <RANK id="10">
            <SCORE>248.42</SCORE>
            <CHANGE>1.45</CHANGE>
            <PCHANGE>0.587116</PCHANGE>
         </RANK>
         <RANK id="11">
            <SCORE>2232.51</SCORE>
            <CHANGE>13.10</CHANGE>
            <PCHANGE>0.590247</PCHANGE>
         </RANK>
         <RANK id="12">
            <SCORE>-6.48</SCORE>
            <CHANGE>0.15</CHANGE>
            <PCHANGE>2.262443</PCHANGE>
         </RANK>
         <RANK id="13">
            <SCORE>2898.28</SCORE>
            <CHANGE>-312.29</CHANGE>
            <PCHANGE>-9.726933</PCHANGE>
         </RANK>
         <RANK id="14">
            <SCORE>1738.97</SCORE>
            <CHANGE>10.20</CHANGE>
            <PCHANGE>0.590015</PCHANGE>
         </RANK>
         <RANK id="15">
            <SCORE>4130.47</SCORE>
            <CHANGE>24.23</CHANGE>
            <PCHANGE>0.590078</PCHANGE>
         </RANK>
         <RANK id="16">
            <SCORE>2484.24</SCORE>
            <CHANGE>14.57</CHANGE>
            <PCHANGE>0.589957</PCHANGE>
         </RANK>
         <RANK id="18">
            <SCORE>538.25</SCORE>
            <CHANGE>3.15</CHANGE>
            <PCHANGE>0.588675</PCHANGE>
         </RANK>
         <RANK id="19">
            <SCORE>3146.71</SCORE>
            <CHANGE>18.46</CHANGE>
            <PCHANGE>0.590106</PCHANGE>
         </RANK>
         <RANK id="20">
            <SCORE>4388.83</SCORE>
            <CHANGE>25.74</CHANGE>
            <PCHANGE>0.589949</PCHANGE>
         </RANK>
         <RANK id="21">
            <SCORE>4802.87</SCORE>
            <CHANGE>28.17</CHANGE>
            <PCHANGE>0.589985</PCHANGE>
         </RANK>
         <RANK id="22">
            <SCORE>5630.95</SCORE>
            <CHANGE>33.03</CHANGE>
            <PCHANGE>0.590041</PCHANGE>
         </RANK>
         <RANK id="23">
            <SCORE>2981.09</SCORE>
            <CHANGE>17.48</CHANGE>
            <PCHANGE>0.589821</PCHANGE>
         </RANK>
      </RANKINGS>
      <UNLOCKS>
         <BANNER>l9</BANNER>
         <BANNER>l7</BANNER>
         <BANNER>t23</BANNER>
         <BANNER>l12</BANNER>
         <BANNER>l38</BANNER>
      </UNLOCKS>
      <RECLASSIFICATIONS>
         <RECLASSIFY type="0">
            <FROM>Below Average</FROM>
            <TO>Very Good</TO>
         </RECLASSIFY>
         <RECLASSIFY type="1">
            <FROM>Below Average</FROM>
            <TO>Very Good</TO>
         </RECLASSIFY>
      </RECLASSIFICATIONS>
      <NEW_POLICIES>
         <POLICY>
            <NAME>No WMDs</NAME>
            <PIC>x4</PIC>
            <CAT>International</CAT>
            <DESC>The nation opposes the use of WMDs.</DESC>
         </POLICY>
      </NEW_POLICIES>

      <HEADLINES>
         <HEADLINE>Grandparents Rarer, More Appreciated</HEADLINE>
      </HEADLINES>
   </ISSUE>
</NATION>